<?xml version="1.0" encoding="UTF-8"?>
<testsuite name="com.rrc.junit.conversion.approach1.JUnit3TestClass_ConvertedToJUnit4" tests="2" skipped="0" failures="0" errors="0" timestamp="2016-06-30T18:20:18" hostname="LREECRW7US" time="0.003">
  <properties/>
  <testcase name="test1" classname="com.rrc.junit.conversion.approach1.JUnit3TestClass_ConvertedToJUnit4" time="0.002"/>
  <testcase name="test2" classname="com.rrc.junit.conversion.approach1.JUnit3TestClass_ConvertedToJUnit4" time="0.001"/>
  <system-out><![CDATA[234951864608454
234951864620000
234951833165713
Tearing it down
234951866653240
234951866659226
234951833165713
Tearing it down
]]></system-out>
  <system-err><![CDATA[]]></system-err>
</testsuite>
