<?xml version="1.0" encoding="UTF-8"?>
<testsuite name="com.rrc.junit.conversion.approach1.JUnit3TestClass" tests="2" skipped="0" failures="0" errors="0" timestamp="2016-06-30T18:20:18" hostname="LREECRW7US" time="0.001">
  <properties/>
  <testcase name="test1" classname="com.rrc.junit.conversion.approach1.JUnit3TestClass" time="0.001"/>
  <testcase name="test2" classname="com.rrc.junit.conversion.approach1.JUnit3TestClass" time="0.0"/>
  <system-out><![CDATA[234951833208046
234951833831915
234951833165713
Tearing it down
234951833227716
234951834413451
234951833165713
Tearing it down
]]></system-out>
  <system-err><![CDATA[]]></system-err>
</testsuite>
